TN:
SF:/Users/nzubechukwunnamani/Desktop/D0/ah-nyati-backend/index.js
FN:32,(anonymous_1)
FN:40,(anonymous_2)
FN:51,(anonymous_3)
FN:67,(anonymous_4)
FN:78,(anonymous_5)
FNF:5
FNH:2
FNDA:1,(anonymous_1)
FNDA:0,(anonymous_2)
FNDA:0,(anonymous_3)
FNDA:0,(anonymous_4)
FNDA:1,(anonymous_5)
DA:1,1
DA:2,1
DA:3,1
DA:4,1
DA:5,1
DA:6,1
DA:8,1
DA:11,1
DA:13,1
DA:16,1
DA:17,1
DA:19,1
DA:28,1
DA:29,1
DA:32,1
DA:33,1
DA:40,1
DA:41,0
DA:42,0
DA:43,0
DA:50,1
DA:51,1
DA:52,0
DA:54,0
DA:56,0
DA:67,1
DA:68,0
DA:69,0
DA:78,1
DA:79,1
DA:82,1
LF:31
LH:23
BRDA:28,0,0,1
BRDA:28,0,1,0
BRDA:50,1,0,1
BRDA:50,1,1,0
BRDA:54,2,0,0
BRDA:54,2,1,0
BRDA:68,3,0,0
BRDA:68,3,1,0
BRF:8
BRH:2
end_of_record
TN:
SF:/Users/nzubechukwunnamani/Desktop/D0/ah-nyati-backend/db/config/config.js
FNF:0
FNH:0
DA:1,1
DA:3,1
DA:5,1
LF:3
LH:3
BRDA:28,0,0,1
BRDA:28,0,1,1
BRF:2
BRH:2
end_of_record
